The system is: Darwin - 13.4.0 - x86_64
Compiling the C compiler identification source file "CMakeCCompilerId.c" succeeded.
Compiler: /usr/bin/cc 
Build flags: 
Id flags: 

The output was:
0


Compilation of the C compiler identification source "CMakeCCompilerId.c" produced "a.out"

The C compiler identification is GNU, found in "/Users/luma/Code/Luma/PWP3D/build/CMakeFiles/3.0.2/CompilerIdC/a.out"

Compiling the CXX compiler identification source file "CMakeCXXCompilerId.cpp" succeeded.
Compiler: /usr/bin/c++ 
Build flags: 
Id flags: 

The output was:
0


Compilation of the CXX compiler identification source "CMakeCXXCompilerId.cpp" produced "a.out"

The CXX compiler identification is GNU, found in "/Users/luma/Code/Luma/PWP3D/build/CMakeFiles/3.0.2/CompilerIdCXX/a.out"

Determining if the C compiler works passed with the following output:
Change Dir: /Users/luma/Code/Luma/PWP3D/build/CMakeFiles/CMakeTmp

Run Build Command:"/usr/bin/make" "cmTryCompileExec3582250596/fast"
/Applications/Xcode.app/Contents/Developer/usr/bin/make -f CMakeFiles/cmTryCompileExec3582250596.dir/build.make CMakeFiles/cmTryCompileExec3582250596.dir/build
/usr/local/Cellar/cmake/3.0.2/bin/cmake -E cmake_progress_report /Users/luma/Code/Luma/PWP3D/build/CMakeFiles/CMakeTmp/CMakeFiles 1
Building C object CMakeFiles/cmTryCompileExec3582250596.dir/testCCompiler.c.o
/usr/bin/cc    -o CMakeFiles/cmTryCompileExec3582250596.dir/testCCompiler.c.o   -c /Users/luma/Code/Luma/PWP3D/build/CMakeFiles/CMakeTmp/testCCompiler.c
Linking C executable cmTryCompileExec3582250596
/usr/local/Cellar/cmake/3.0.2/bin/cmake -E cmake_link_script CMakeFiles/cmTryCompileExec3582250596.dir/link.txt --verbose=1
/usr/bin/cc    -Wl,-search_paths_first -Wl,-headerpad_max_install_names   CMakeFiles/cmTryCompileExec3582250596.dir/testCCompiler.c.o  -o cmTryCompileExec3582250596  


Detecting C compiler ABI info compiled with the following output:
Change Dir: /Users/luma/Code/Luma/PWP3D/build/CMakeFiles/CMakeTmp

Run Build Command:"/usr/bin/make" "cmTryCompileExec3302264739/fast"
/Applications/Xcode.app/Contents/Developer/usr/bin/make -f CMakeFiles/cmTryCompileExec3302264739.dir/build.make CMakeFiles/cmTryCompileExec3302264739.dir/build
/usr/local/Cellar/cmake/3.0.2/bin/cmake -E cmake_progress_report /Users/luma/Code/Luma/PWP3D/build/CMakeFiles/CMakeTmp/CMakeFiles 1
Building C object CMakeFiles/cmTryCompileExec3302264739.dir/CMakeCCompilerABI.c.o
/usr/bin/cc    -o CMakeFiles/cmTryCompileExec3302264739.dir/CMakeCCompilerABI.c.o   -c /usr/local/Cellar/cmake/3.0.2/share/cmake/Modules/CMakeCCompilerABI.c
Linking C executable cmTryCompileExec3302264739
/usr/local/Cellar/cmake/3.0.2/bin/cmake -E cmake_link_script CMakeFiles/cmTryCompileExec3302264739.dir/link.txt --verbose=1
/usr/bin/cc    -Wl,-search_paths_first -Wl,-headerpad_max_install_names -v -Wl,-v CMakeFiles/cmTryCompileExec3302264739.dir/CMakeCCompilerABI.c.o  -o cmTryCompileExec3302264739   
Using built-in specs.
COLLECT_GCC=/usr/bin/cc
COLLECT_LTO_WRAPPER=/usr/local/Cellar/gcc48/4.8.3/libexec/gcc/x86_64-apple-darwin13.4.0/4.8.3/lto-wrapper
Target: x86_64-apple-darwin13.4.0
Configured with: ../configure --build=x86_64-apple-darwin13.4.0 --prefix=/usr/local/Cellar/gcc48/4.8.3 --enable-languages=c,c++,objc,obj-c++ --program-suffix=-4.8 --with-gmp=/usr/local/opt/gmp4 --with-mpfr=/usr/local/opt/mpfr2 --with-mpc=/usr/local/opt/libmpc08 --with-cloog=/usr/local/opt/cloog018 --with-isl=/usr/local/opt/isl011 --with-system-zlib --enable-version-specific-runtime-libs --enable-libstdcxx-time=yes --enable-stage1-checking --enable-checking=release --enable-lto --disable-werror --with-pkgversion='Homebrew gcc48 4.8.3' --with-bugurl=https://github.com/Homebrew/homebrew-versions/issues --enable-plugin --disable-nls --enable-multilib
Thread model: posix
gcc version 4.8.3 (Homebrew gcc48 4.8.3) 
COMPILER_PATH=/usr/local/Cellar/gcc48/4.8.3/libexec/gcc/x86_64-apple-darwin13.4.0/4.8.3/:/usr/local/Cellar/gcc48/4.8.3/libexec/gcc/x86_64-apple-darwin13.4.0/4.8.3/:/usr/local/Cellar/gcc48/4.8.3/libexec/gcc/x86_64-apple-darwin13.4.0/:/usr/local/Cellar/gcc48/4.8.3/lib/gcc/x86_64-apple-darwin13.4.0/4.8.3/:/usr/local/Cellar/gcc48/4.8.3/lib/gcc/x86_64-apple-darwin13.4.0/
LIBRARY_PATH=/usr/local/Cellar/gcc48/4.8.3/lib/gcc/x86_64-apple-darwin13.4.0/4.8.3/:/usr/local/Cellar/gcc48/4.8.3/lib/gcc/x86_64-apple-darwin13.4.0/4.8.3/../../../:/usr/lib/
COLLECT_GCC_OPTIONS='-mmacosx-version-min=10.9.4' '-v' '-o' 'cmTryCompileExec3302264739' '-mtune=core2'
 /usr/local/Cellar/gcc48/4.8.3/libexec/gcc/x86_64-apple-darwin13.4.0/4.8.3/collect2 -dynamic -arch x86_64 -macosx_version_min 10.9.4 -weak_reference_mismatches non-weak -o cmTryCompileExec3302264739 -L/usr/local/Cellar/gcc48/4.8.3/lib/gcc/x86_64-apple-darwin13.4.0/4.8.3 -L/usr/local/Cellar/gcc48/4.8.3/lib/gcc/x86_64-apple-darwin13.4.0/4.8.3/../../.. -search_paths_first -headerpad_max_install_names -v CMakeFiles/cmTryCompileExec3302264739.dir/CMakeCCompilerABI.c.o -no_compact_unwind -lSystem -lgcc_ext.10.5 -lgcc -lSystem -v
collect2 version 4.8.3
/usr/bin/ld -dynamic -arch x86_64 -macosx_version_min 10.9.4 -weak_reference_mismatches non-weak -o cmTryCompileExec3302264739 -L/usr/local/Cellar/gcc48/4.8.3/lib/gcc/x86_64-apple-darwin13.4.0/4.8.3 -L/usr/local/Cellar/gcc48/4.8.3/lib/gcc/x86_64-apple-darwin13.4.0/4.8.3/../../.. -search_paths_first -headerpad_max_install_names -v CMakeFiles/cmTryCompileExec3302264739.dir/CMakeCCompilerABI.c.o -no_compact_unwind -lSystem -lgcc_ext.10.5 -lgcc -lSystem -v
@(#)PROGRAM:ld  PROJECT:ld64-241.8
configured to support archs: armv6 armv7 armv7s arm64 i386 x86_64 x86_64h armv6m armv7m armv7em
@(#)PROGRAM:ld  PROJECT:ld64-241.8
configured to support archs: armv6 armv7 armv7s arm64 i386 x86_64 x86_64h armv6m armv7m armv7em
Library search paths:
	/usr/local/Cellar/gcc48/4.8.3/lib/gcc/x86_64-apple-darwin13.4.0/4.8.3
	/usr/local/Cellar/gcc48/4.8.3/lib
	/usr/lib
	/usr/local/lib
Framework search paths:
	/Library/Frameworks/
	/System/Library/Frameworks/


Parsed C implicit link information from above output:
  link line regex: [^( *|.*[/\])(ld|([^/\]+-)?ld|collect2)[^/\]*( |$)]
  ignore line: [Change Dir: /Users/luma/Code/Luma/PWP3D/build/CMakeFiles/CMakeTmp]
  ignore line: []
  ignore line: [Run Build Command:"/usr/bin/make" "cmTryCompileExec3302264739/fast"]
  ignore line: [/Applications/Xcode.app/Contents/Developer/usr/bin/make -f CMakeFiles/cmTryCompileExec3302264739.dir/build.make CMakeFiles/cmTryCompileExec3302264739.dir/build]
  ignore line: [/usr/local/Cellar/cmake/3.0.2/bin/cmake -E cmake_progress_report /Users/luma/Code/Luma/PWP3D/build/CMakeFiles/CMakeTmp/CMakeFiles 1]
  ignore line: [Building C object CMakeFiles/cmTryCompileExec3302264739.dir/CMakeCCompilerABI.c.o]
  ignore line: [/usr/bin/cc    -o CMakeFiles/cmTryCompileExec3302264739.dir/CMakeCCompilerABI.c.o   -c /usr/local/Cellar/cmake/3.0.2/share/cmake/Modules/CMakeCCompilerABI.c]
  ignore line: [Linking C executable cmTryCompileExec3302264739]
  ignore line: [/usr/local/Cellar/cmake/3.0.2/bin/cmake -E cmake_link_script CMakeFiles/cmTryCompileExec3302264739.dir/link.txt --verbose=1]
  ignore line: [/usr/bin/cc    -Wl,-search_paths_first -Wl,-headerpad_max_install_names -v -Wl,-v CMakeFiles/cmTryCompileExec3302264739.dir/CMakeCCompilerABI.c.o  -o cmTryCompileExec3302264739   ]
  ignore line: [Using built-in specs.]
  ignore line: [COLLECT_GCC=/usr/bin/cc]
  ignore line: [COLLECT_LTO_WRAPPER=/usr/local/Cellar/gcc48/4.8.3/libexec/gcc/x86_64-apple-darwin13.4.0/4.8.3/lto-wrapper]
  ignore line: [Target: x86_64-apple-darwin13.4.0]
  ignore line: [Configured with: ../configure --build=x86_64-apple-darwin13.4.0 --prefix=/usr/local/Cellar/gcc48/4.8.3 --enable-languages=c,c++,objc,obj-c++ --program-suffix=-4.8 --with-gmp=/usr/local/opt/gmp4 --with-mpfr=/usr/local/opt/mpfr2 --with-mpc=/usr/local/opt/libmpc08 --with-cloog=/usr/local/opt/cloog018 --with-isl=/usr/local/opt/isl011 --with-system-zlib --enable-version-specific-runtime-libs --enable-libstdcxx-time=yes --enable-stage1-checking --enable-checking=release --enable-lto --disable-werror --with-pkgversion='Homebrew gcc48 4.8.3' --with-bugurl=https://github.com/Homebrew/homebrew-versions/issues --enable-plugin --disable-nls --enable-multilib]
  ignore line: [Thread model: posix]
  ignore line: [gcc version 4.8.3 (Homebrew gcc48 4.8.3) ]
  ignore line: [COMPILER_PATH=/usr/local/Cellar/gcc48/4.8.3/libexec/gcc/x86_64-apple-darwin13.4.0/4.8.3/:/usr/local/Cellar/gcc48/4.8.3/libexec/gcc/x86_64-apple-darwin13.4.0/4.8.3/:/usr/local/Cellar/gcc48/4.8.3/libexec/gcc/x86_64-apple-darwin13.4.0/:/usr/local/Cellar/gcc48/4.8.3/lib/gcc/x86_64-apple-darwin13.4.0/4.8.3/:/usr/local/Cellar/gcc48/4.8.3/lib/gcc/x86_64-apple-darwin13.4.0/]
  ignore line: [LIBRARY_PATH=/usr/local/Cellar/gcc48/4.8.3/lib/gcc/x86_64-apple-darwin13.4.0/4.8.3/:/usr/local/Cellar/gcc48/4.8.3/lib/gcc/x86_64-apple-darwin13.4.0/4.8.3/../../../:/usr/lib/]
  ignore line: [COLLECT_GCC_OPTIONS='-mmacosx-version-min=10.9.4' '-v' '-o' 'cmTryCompileExec3302264739' '-mtune=core2']
  link line: [ /usr/local/Cellar/gcc48/4.8.3/libexec/gcc/x86_64-apple-darwin13.4.0/4.8.3/collect2 -dynamic -arch x86_64 -macosx_version_min 10.9.4 -weak_reference_mismatches non-weak -o cmTryCompileExec3302264739 -L/usr/local/Cellar/gcc48/4.8.3/lib/gcc/x86_64-apple-darwin13.4.0/4.8.3 -L/usr/local/Cellar/gcc48/4.8.3/lib/gcc/x86_64-apple-darwin13.4.0/4.8.3/../../.. -search_paths_first -headerpad_max_install_names -v CMakeFiles/cmTryCompileExec3302264739.dir/CMakeCCompilerABI.c.o -no_compact_unwind -lSystem -lgcc_ext.10.5 -lgcc -lSystem -v]
    arg [/usr/local/Cellar/gcc48/4.8.3/libexec/gcc/x86_64-apple-darwin13.4.0/4.8.3/collect2] ==> ignore
    arg [-dynamic] ==> ignore
    arg [-arch] ==> ignore
    arg [x86_64] ==> ignore
    arg [-macosx_version_min] ==> ignore
    arg [10.9.4] ==> ignore
    arg [-weak_reference_mismatches] ==> ignore
    arg [non-weak] ==> ignore
    arg [-o] ==> ignore
    arg [cmTryCompileExec3302264739] ==> ignore
    arg [-L/usr/local/Cellar/gcc48/4.8.3/lib/gcc/x86_64-apple-darwin13.4.0/4.8.3] ==> dir [/usr/local/Cellar/gcc48/4.8.3/lib/gcc/x86_64-apple-darwin13.4.0/4.8.3]
    arg [-L/usr/local/Cellar/gcc48/4.8.3/lib/gcc/x86_64-apple-darwin13.4.0/4.8.3/../../..] ==> dir [/usr/local/Cellar/gcc48/4.8.3/lib/gcc/x86_64-apple-darwin13.4.0/4.8.3/../../..]
    arg [-search_paths_first] ==> ignore
    arg [-headerpad_max_install_names] ==> ignore
    arg [-v] ==> ignore
    arg [CMakeFiles/cmTryCompileExec3302264739.dir/CMakeCCompilerABI.c.o] ==> ignore
    arg [-no_compact_unwind] ==> ignore
    arg [-lSystem] ==> lib [System]
    arg [-lgcc_ext.10.5] ==> lib [gcc_ext.10.5]
    arg [-lgcc] ==> lib [gcc]
    arg [-lSystem] ==> lib [System]
    arg [-v] ==> ignore
  Library search paths: [;/usr/local/Cellar/gcc48/4.8.3/lib/gcc/x86_64-apple-darwin13.4.0/4.8.3;/usr/local/Cellar/gcc48/4.8.3/lib;/usr/lib;/usr/local/lib]
  Framework search paths: [;/Library/Frameworks/;/System/Library/Frameworks/]
  remove lib [System]
  remove lib [gcc_ext.10.5]
  remove lib [gcc]
  remove lib [System]
  collapse library dir [/usr/local/Cellar/gcc48/4.8.3/lib/gcc/x86_64-apple-darwin13.4.0/4.8.3] ==> [/usr/local/Cellar/gcc48/4.8.3/lib/gcc/x86_64-apple-darwin13.4.0/4.8.3]
  collapse library dir [/usr/local/Cellar/gcc48/4.8.3/lib/gcc/x86_64-apple-darwin13.4.0/4.8.3/../../..] ==> [/usr/local/Cellar/gcc48/4.8.3/lib]
  collapse library dir [/usr/local/Cellar/gcc48/4.8.3/lib/gcc/x86_64-apple-darwin13.4.0/4.8.3] ==> [/usr/local/Cellar/gcc48/4.8.3/lib/gcc/x86_64-apple-darwin13.4.0/4.8.3]
  collapse library dir [/usr/local/Cellar/gcc48/4.8.3/lib] ==> [/usr/local/Cellar/gcc48/4.8.3/lib]
  collapse library dir [/usr/lib] ==> [/usr/lib]
  collapse library dir [/usr/local/lib] ==> [/usr/local/lib]
  collapse framework dir [/Library/Frameworks/] ==> [/Library/Frameworks]
  collapse framework dir [/System/Library/Frameworks/] ==> [/System/Library/Frameworks]
  implicit libs: []
  implicit dirs: [/usr/local/Cellar/gcc48/4.8.3/lib/gcc/x86_64-apple-darwin13.4.0/4.8.3;/usr/local/Cellar/gcc48/4.8.3/lib;/usr/lib;/usr/local/lib]
  implicit fwks: [/Library/Frameworks;/System/Library/Frameworks]


Determining if the CXX compiler works passed with the following output:
Change Dir: /Users/luma/Code/Luma/PWP3D/build/CMakeFiles/CMakeTmp

Run Build Command:"/usr/bin/make" "cmTryCompileExec1376886741/fast"
/Applications/Xcode.app/Contents/Developer/usr/bin/make -f CMakeFiles/cmTryCompileExec1376886741.dir/build.make CMakeFiles/cmTryCompileExec1376886741.dir/build
/usr/local/Cellar/cmake/3.0.2/bin/cmake -E cmake_progress_report /Users/luma/Code/Luma/PWP3D/build/CMakeFiles/CMakeTmp/CMakeFiles 1
Building CXX object CMakeFiles/cmTryCompileExec1376886741.dir/testCXXCompiler.cxx.o
/usr/bin/c++     -o CMakeFiles/cmTryCompileExec1376886741.dir/testCXXCompiler.cxx.o -c /Users/luma/Code/Luma/PWP3D/build/CMakeFiles/CMakeTmp/testCXXCompiler.cxx
Linking CXX executable cmTryCompileExec1376886741
/usr/local/Cellar/cmake/3.0.2/bin/cmake -E cmake_link_script CMakeFiles/cmTryCompileExec1376886741.dir/link.txt --verbose=1
/usr/bin/c++     -Wl,-search_paths_first -Wl,-headerpad_max_install_names   CMakeFiles/cmTryCompileExec1376886741.dir/testCXXCompiler.cxx.o  -o cmTryCompileExec1376886741  


Detecting CXX compiler ABI info compiled with the following output:
Change Dir: /Users/luma/Code/Luma/PWP3D/build/CMakeFiles/CMakeTmp

Run Build Command:"/usr/bin/make" "cmTryCompileExec801802951/fast"
/Applications/Xcode.app/Contents/Developer/usr/bin/make -f CMakeFiles/cmTryCompileExec801802951.dir/build.make CMakeFiles/cmTryCompileExec801802951.dir/build
/usr/local/Cellar/cmake/3.0.2/bin/cmake -E cmake_progress_report /Users/luma/Code/Luma/PWP3D/build/CMakeFiles/CMakeTmp/CMakeFiles 1
Building CXX object CMakeFiles/cmTryCompileExec801802951.dir/CMakeCXXCompilerABI.cpp.o
/usr/bin/c++     -o CMakeFiles/cmTryCompileExec801802951.dir/CMakeCXXCompilerABI.cpp.o -c /usr/local/Cellar/cmake/3.0.2/share/cmake/Modules/CMakeCXXCompilerABI.cpp
Linking CXX executable cmTryCompileExec801802951
/usr/local/Cellar/cmake/3.0.2/bin/cmake -E cmake_link_script CMakeFiles/cmTryCompileExec801802951.dir/link.txt --verbose=1
/usr/bin/c++     -Wl,-search_paths_first -Wl,-headerpad_max_install_names -v -Wl,-v CMakeFiles/cmTryCompileExec801802951.dir/CMakeCXXCompilerABI.cpp.o  -o cmTryCompileExec801802951   
Using built-in specs.
COLLECT_GCC=/usr/bin/c++
COLLECT_LTO_WRAPPER=/usr/local/Cellar/gcc48/4.8.3/libexec/gcc/x86_64-apple-darwin13.4.0/4.8.3/lto-wrapper
Target: x86_64-apple-darwin13.4.0
Configured with: ../configure --build=x86_64-apple-darwin13.4.0 --prefix=/usr/local/Cellar/gcc48/4.8.3 --enable-languages=c,c++,objc,obj-c++ --program-suffix=-4.8 --with-gmp=/usr/local/opt/gmp4 --with-mpfr=/usr/local/opt/mpfr2 --with-mpc=/usr/local/opt/libmpc08 --with-cloog=/usr/local/opt/cloog018 --with-isl=/usr/local/opt/isl011 --with-system-zlib --enable-version-specific-runtime-libs --enable-libstdcxx-time=yes --enable-stage1-checking --enable-checking=release --enable-lto --disable-werror --with-pkgversion='Homebrew gcc48 4.8.3' --with-bugurl=https://github.com/Homebrew/homebrew-versions/issues --enable-plugin --disable-nls --enable-multilib
Thread model: posix
gcc version 4.8.3 (Homebrew gcc48 4.8.3) 
COMPILER_PATH=/usr/local/Cellar/gcc48/4.8.3/libexec/gcc/x86_64-apple-darwin13.4.0/4.8.3/:/usr/local/Cellar/gcc48/4.8.3/libexec/gcc/x86_64-apple-darwin13.4.0/4.8.3/:/usr/local/Cellar/gcc48/4.8.3/libexec/gcc/x86_64-apple-darwin13.4.0/:/usr/local/Cellar/gcc48/4.8.3/lib/gcc/x86_64-apple-darwin13.4.0/4.8.3/:/usr/local/Cellar/gcc48/4.8.3/lib/gcc/x86_64-apple-darwin13.4.0/
LIBRARY_PATH=/usr/local/Cellar/gcc48/4.8.3/lib/gcc/x86_64-apple-darwin13.4.0/4.8.3/:/usr/local/Cellar/gcc48/4.8.3/lib/gcc/x86_64-apple-darwin13.4.0/4.8.3/../../../:/usr/lib/
COLLECT_GCC_OPTIONS='-mmacosx-version-min=10.9.4' '-v' '-o' 'cmTryCompileExec801802951' '-shared-libgcc' '-mtune=core2'
 /usr/local/Cellar/gcc48/4.8.3/libexec/gcc/x86_64-apple-darwin13.4.0/4.8.3/collect2 -dynamic -arch x86_64 -macosx_version_min 10.9.4 -weak_reference_mismatches non-weak -o cmTryCompileExec801802951 -L/usr/local/Cellar/gcc48/4.8.3/lib/gcc/x86_64-apple-darwin13.4.0/4.8.3 -L/usr/local/Cellar/gcc48/4.8.3/lib/gcc/x86_64-apple-darwin13.4.0/4.8.3/../../.. -search_paths_first -headerpad_max_install_names -v CMakeFiles/cmTryCompileExec801802951.dir/CMakeCXXCompilerABI.cpp.o -lstdc++ -no_compact_unwind -lSystem -lgcc_ext.10.5 -lgcc -lSystem -v
collect2 version 4.8.3
/usr/bin/ld -dynamic -arch x86_64 -macosx_version_min 10.9.4 -weak_reference_mismatches non-weak -o cmTryCompileExec801802951 -L/usr/local/Cellar/gcc48/4.8.3/lib/gcc/x86_64-apple-darwin13.4.0/4.8.3 -L/usr/local/Cellar/gcc48/4.8.3/lib/gcc/x86_64-apple-darwin13.4.0/4.8.3/../../.. -search_paths_first -headerpad_max_install_names -v CMakeFiles/cmTryCompileExec801802951.dir/CMakeCXXCompilerABI.cpp.o -lstdc++ -no_compact_unwind -lSystem -lgcc_ext.10.5 -lgcc -lSystem -v
@(#)PROGRAM:ld  PROJECT:ld64-241.8
configured to support archs: armv6 armv7 armv7s arm64 i386 x86_64 x86_64h armv6m armv7m armv7em
@(#)PROGRAM:ld  PROJECT:ld64-241.8
configured to support archs: armv6 armv7 armv7s arm64 i386 x86_64 x86_64h armv6m armv7m armv7em
Library search paths:
	/usr/local/Cellar/gcc48/4.8.3/lib/gcc/x86_64-apple-darwin13.4.0/4.8.3
	/usr/local/Cellar/gcc48/4.8.3/lib
	/usr/lib
	/usr/local/lib
Framework search paths:
	/Library/Frameworks/
	/System/Library/Frameworks/


Parsed CXX implicit link information from above output:
  link line regex: [^( *|.*[/\])(ld|([^/\]+-)?ld|collect2)[^/\]*( |$)]
  ignore line: [Change Dir: /Users/luma/Code/Luma/PWP3D/build/CMakeFiles/CMakeTmp]
  ignore line: []
  ignore line: [Run Build Command:"/usr/bin/make" "cmTryCompileExec801802951/fast"]
  ignore line: [/Applications/Xcode.app/Contents/Developer/usr/bin/make -f CMakeFiles/cmTryCompileExec801802951.dir/build.make CMakeFiles/cmTryCompileExec801802951.dir/build]
  ignore line: [/usr/local/Cellar/cmake/3.0.2/bin/cmake -E cmake_progress_report /Users/luma/Code/Luma/PWP3D/build/CMakeFiles/CMakeTmp/CMakeFiles 1]
  ignore line: [Building CXX object CMakeFiles/cmTryCompileExec801802951.dir/CMakeCXXCompilerABI.cpp.o]
  ignore line: [/usr/bin/c++     -o CMakeFiles/cmTryCompileExec801802951.dir/CMakeCXXCompilerABI.cpp.o -c /usr/local/Cellar/cmake/3.0.2/share/cmake/Modules/CMakeCXXCompilerABI.cpp]
  ignore line: [Linking CXX executable cmTryCompileExec801802951]
  ignore line: [/usr/local/Cellar/cmake/3.0.2/bin/cmake -E cmake_link_script CMakeFiles/cmTryCompileExec801802951.dir/link.txt --verbose=1]
  ignore line: [/usr/bin/c++     -Wl,-search_paths_first -Wl,-headerpad_max_install_names -v -Wl,-v CMakeFiles/cmTryCompileExec801802951.dir/CMakeCXXCompilerABI.cpp.o  -o cmTryCompileExec801802951   ]
  ignore line: [Using built-in specs.]
  ignore line: [COLLECT_GCC=/usr/bin/c++]
  ignore line: [COLLECT_LTO_WRAPPER=/usr/local/Cellar/gcc48/4.8.3/libexec/gcc/x86_64-apple-darwin13.4.0/4.8.3/lto-wrapper]
  ignore line: [Target: x86_64-apple-darwin13.4.0]
  ignore line: [Configured with: ../configure --build=x86_64-apple-darwin13.4.0 --prefix=/usr/local/Cellar/gcc48/4.8.3 --enable-languages=c,c++,objc,obj-c++ --program-suffix=-4.8 --with-gmp=/usr/local/opt/gmp4 --with-mpfr=/usr/local/opt/mpfr2 --with-mpc=/usr/local/opt/libmpc08 --with-cloog=/usr/local/opt/cloog018 --with-isl=/usr/local/opt/isl011 --with-system-zlib --enable-version-specific-runtime-libs --enable-libstdcxx-time=yes --enable-stage1-checking --enable-checking=release --enable-lto --disable-werror --with-pkgversion='Homebrew gcc48 4.8.3' --with-bugurl=https://github.com/Homebrew/homebrew-versions/issues --enable-plugin --disable-nls --enable-multilib]
  ignore line: [Thread model: posix]
  ignore line: [gcc version 4.8.3 (Homebrew gcc48 4.8.3) ]
  ignore line: [COMPILER_PATH=/usr/local/Cellar/gcc48/4.8.3/libexec/gcc/x86_64-apple-darwin13.4.0/4.8.3/:/usr/local/Cellar/gcc48/4.8.3/libexec/gcc/x86_64-apple-darwin13.4.0/4.8.3/:/usr/local/Cellar/gcc48/4.8.3/libexec/gcc/x86_64-apple-darwin13.4.0/:/usr/local/Cellar/gcc48/4.8.3/lib/gcc/x86_64-apple-darwin13.4.0/4.8.3/:/usr/local/Cellar/gcc48/4.8.3/lib/gcc/x86_64-apple-darwin13.4.0/]
  ignore line: [LIBRARY_PATH=/usr/local/Cellar/gcc48/4.8.3/lib/gcc/x86_64-apple-darwin13.4.0/4.8.3/:/usr/local/Cellar/gcc48/4.8.3/lib/gcc/x86_64-apple-darwin13.4.0/4.8.3/../../../:/usr/lib/]
  ignore line: [COLLECT_GCC_OPTIONS='-mmacosx-version-min=10.9.4' '-v' '-o' 'cmTryCompileExec801802951' '-shared-libgcc' '-mtune=core2']
  link line: [ /usr/local/Cellar/gcc48/4.8.3/libexec/gcc/x86_64-apple-darwin13.4.0/4.8.3/collect2 -dynamic -arch x86_64 -macosx_version_min 10.9.4 -weak_reference_mismatches non-weak -o cmTryCompileExec801802951 -L/usr/local/Cellar/gcc48/4.8.3/lib/gcc/x86_64-apple-darwin13.4.0/4.8.3 -L/usr/local/Cellar/gcc48/4.8.3/lib/gcc/x86_64-apple-darwin13.4.0/4.8.3/../../.. -search_paths_first -headerpad_max_install_names -v CMakeFiles/cmTryCompileExec801802951.dir/CMakeCXXCompilerABI.cpp.o -lstdc++ -no_compact_unwind -lSystem -lgcc_ext.10.5 -lgcc -lSystem -v]
    arg [/usr/local/Cellar/gcc48/4.8.3/libexec/gcc/x86_64-apple-darwin13.4.0/4.8.3/collect2] ==> ignore
    arg [-dynamic] ==> ignore
    arg [-arch] ==> ignore
    arg [x86_64] ==> ignore
    arg [-macosx_version_min] ==> ignore
    arg [10.9.4] ==> ignore
    arg [-weak_reference_mismatches] ==> ignore
    arg [non-weak] ==> ignore
    arg [-o] ==> ignore
    arg [cmTryCompileExec801802951] ==> ignore
    arg [-L/usr/local/Cellar/gcc48/4.8.3/lib/gcc/x86_64-apple-darwin13.4.0/4.8.3] ==> dir [/usr/local/Cellar/gcc48/4.8.3/lib/gcc/x86_64-apple-darwin13.4.0/4.8.3]
    arg [-L/usr/local/Cellar/gcc48/4.8.3/lib/gcc/x86_64-apple-darwin13.4.0/4.8.3/../../..] ==> dir [/usr/local/Cellar/gcc48/4.8.3/lib/gcc/x86_64-apple-darwin13.4.0/4.8.3/../../..]
    arg [-search_paths_first] ==> ignore
    arg [-headerpad_max_install_names] ==> ignore
    arg [-v] ==> ignore
    arg [CMakeFiles/cmTryCompileExec801802951.dir/CMakeCXXCompilerABI.cpp.o] ==> ignore
    arg [-lstdc++] ==> lib [stdc++]
    arg [-no_compact_unwind] ==> ignore
    arg [-lSystem] ==> lib [System]
    arg [-lgcc_ext.10.5] ==> lib [gcc_ext.10.5]
    arg [-lgcc] ==> lib [gcc]
    arg [-lSystem] ==> lib [System]
    arg [-v] ==> ignore
  Library search paths: [;/usr/local/Cellar/gcc48/4.8.3/lib/gcc/x86_64-apple-darwin13.4.0/4.8.3;/usr/local/Cellar/gcc48/4.8.3/lib;/usr/lib;/usr/local/lib]
  Framework search paths: [;/Library/Frameworks/;/System/Library/Frameworks/]
  remove lib [System]
  remove lib [gcc_ext.10.5]
  remove lib [gcc]
  remove lib [System]
  collapse library dir [/usr/local/Cellar/gcc48/4.8.3/lib/gcc/x86_64-apple-darwin13.4.0/4.8.3] ==> [/usr/local/Cellar/gcc48/4.8.3/lib/gcc/x86_64-apple-darwin13.4.0/4.8.3]
  collapse library dir [/usr/local/Cellar/gcc48/4.8.3/lib/gcc/x86_64-apple-darwin13.4.0/4.8.3/../../..] ==> [/usr/local/Cellar/gcc48/4.8.3/lib]
  collapse library dir [/usr/local/Cellar/gcc48/4.8.3/lib/gcc/x86_64-apple-darwin13.4.0/4.8.3] ==> [/usr/local/Cellar/gcc48/4.8.3/lib/gcc/x86_64-apple-darwin13.4.0/4.8.3]
  collapse library dir [/usr/local/Cellar/gcc48/4.8.3/lib] ==> [/usr/local/Cellar/gcc48/4.8.3/lib]
  collapse library dir [/usr/lib] ==> [/usr/lib]
  collapse library dir [/usr/local/lib] ==> [/usr/local/lib]
  collapse framework dir [/Library/Frameworks/] ==> [/Library/Frameworks]
  collapse framework dir [/System/Library/Frameworks/] ==> [/System/Library/Frameworks]
  implicit libs: [stdc++]
  implicit dirs: [/usr/local/Cellar/gcc48/4.8.3/lib/gcc/x86_64-apple-darwin13.4.0/4.8.3;/usr/local/Cellar/gcc48/4.8.3/lib;/usr/lib;/usr/local/lib]
  implicit fwks: [/Library/Frameworks;/System/Library/Frameworks]


